20241202	21:14:49	017a6578-fed7-4168-8727-e4bf92ab95c3	GET	/	undefined
20241202	21:14:49	02ae9799-9d30-4024-987f-6ba26bdcaaac	GET	/css/style.css	undefined
20241203	04:15:40	326b683a-e196-4d91-a0d2-0173402982eb	GET	/users	undefined
20241203	04:16:58	e2904ee3-c2da-41e1-a1c1-d07d7d1213da	GET	/users	undefined
20241203	04:28:29	219fb972-cb18-48e8-8243-381c8e510b89	GET	/users	undefined
20241203	04:34:19	54480d7f-565b-40c9-b15a-932c251388fd	POST	/users	undefined
20241203	04:39:11	d69312f6-820c-4456-8ea9-635da8ec0f94	POST	/users	undefined
20241203	04:39:41	b2003180-fc8c-49e8-957e-adbaaa70caa5	POST	/users	undefined
20241203	04:41:00	4c5a48b2-c61b-48f3-bd40-cd7c0c535295	POST	/users	undefined
20241203	04:42:32	bdf06a99-bae2-46d1-ae12-d800bb3014b3	POST	/users	undefined
20241203	04:48:43	fa7236c6-b00f-49b7-bcf5-473b056bcbef	POST	/users	undefined
20241203	04:48:50	92e4cd47-5348-4642-9d1d-003e8d3c8b1f	POST	/users	undefined
20241203	04:48:56	18f3545b-1336-427f-b5c4-aed4d162cac8	POST	/users	undefined
20241203	04:49:22	c1839a7e-8da2-4234-a42a-f728fa43427e	POST	/users	undefined
20241203	04:49:24	b737cd92-06b5-4e19-aacb-5072979f8d1a	POST	/users	undefined
20241203	04:49:31	2cef4274-f851-4c61-b8f9-a335364a5b3f	POST	/users	undefined
20241203	04:52:53	e8d374b9-cdbe-4703-8a21-477bd67ce3e3	POST	/users	undefined
20241203	04:52:55	679fc2fd-ef92-4ef1-ace4-17ee5f2879dc	POST	/users	undefined
20241203	04:53:25	0519209d-8826-415c-b0f7-d44b7e6cc4b2	POST	/users	undefined
20241203	04:57:15	8edf6693-99e3-4c2d-98c8-80a719762a42	POST	/users	undefined
20241203	04:57:57	c6397a13-5524-493b-be4e-ee6c598e2713	POST	/users	undefined
20241203	04:57:59	2dc8bf11-6862-41e0-a1c1-eb6c14d1c3b7	POST	/users	undefined
20241203	04:58:54	31543d4d-cdfa-4b00-85ea-0ad484b11cda	POST	/users	undefined
20241203	05:01:25	8777c31c-5f89-46a6-bf45-e394175c12b5	POST	/users	undefined
20241203	05:04:24	6b29b3bd-0993-4922-997b-c491d5d36552	GET	/users	undefined
20241203	06:29:06	14110f43-7ca2-40bf-bfb1-0f201da61773	OPTIONS	/auth/login	http://localhost:3000
20241203	06:29:06	b5936a17-b367-4bd3-b992-cf4a77a68078	POST	/auth/login	http://localhost:3000
20241203	06:30:13	8ce54e0f-d0d5-4f18-959f-c3d285fdce96	OPTIONS	/auth/register	http://localhost:3000
20241203	06:30:13	24780a1a-812a-401c-96f8-e46c88a5f320	POST	/auth/register	http://localhost:3000
20241203	06:30:16	dea8c4ad-0331-450f-a14b-73abc2874467	OPTIONS	/auth/login	http://localhost:3000
20241203	06:30:16	b944e814-b698-4971-8f49-236de8e9aea0	POST	/auth/login	http://localhost:3000
20241203	06:30:22	ba496915-ef1c-4265-9287-93dc9810d87e	OPTIONS	/auth/login	http://localhost:3000
20241203	06:30:22	cbaa810a-da6a-4e3a-959d-d1e6eb7cccc1	POST	/auth/login	http://localhost:3000
20241203	06:30:56	2a380833-2a25-4369-b9ff-7fb36d8e23aa	OPTIONS	/auth/register	http://localhost:3000
20241203	06:30:56	fe6d44f9-a2d9-4ee2-97b7-8c34c08456e3	POST	/auth/register	http://localhost:3000
20241203	06:31:16	2401451f-f249-4baf-af4b-78df936d8a62	OPTIONS	/auth/login	http://localhost:3000
20241203	06:31:16	43221732-0ded-4365-b7b9-5ac835c157f9	POST	/auth/login	http://localhost:3000
20241203	06:31:19	a56ea3d2-d6be-4fa4-b6cb-fdf01877ab38	POST	/auth/login	http://localhost:3000
20241203	06:31:47	a5829acf-a8a5-4c8e-bce9-ee4d45f80d2c	OPTIONS	/auth/register	http://localhost:3000
20241203	06:31:47	3ea8a90d-ac3e-4786-b3eb-e9b162b85d6f	POST	/auth/register	http://localhost:3000
20241203	06:31:53	2f4fcd3e-a2ad-483c-908b-af43a51fa5c9	OPTIONS	/auth/login	http://localhost:3000
20241203	06:31:53	7aaaecec-97ed-47c4-8a92-6d849291a6f2	POST	/auth/login	http://localhost:3000
20241203	06:31:57	7a0b641d-c5ab-43c4-b6fe-26ff14d8d6de	POST	/auth/login	http://localhost:3000
20241203	06:32:00	6aefe616-8a03-48bb-a588-060f8a60f05c	OPTIONS	/auth/login	http://localhost:3000
20241203	06:32:00	ac7ac0c7-594e-4065-bcae-5efeb87a7e9e	POST	/auth/login	http://localhost:3000
20241203	06:33:00	c83533b0-e1e4-46b7-8e5d-a04d442be045	OPTIONS	/auth/login	http://localhost:3000
20241203	06:33:00	06020f68-4445-4b4c-92f7-8f3f58d8734a	POST	/auth/login	http://localhost:3000
20241203	06:41:37	1bc857c1-3f11-4f2e-bcd9-75359ab3d338	OPTIONS	/auth/login	http://localhost:3000
20241203	06:41:37	1c31a568-052b-4bab-8d36-a54df4ff919f	POST	/auth/login	http://localhost:3000
20241203	06:41:39	38397653-3a87-4a8a-a381-b6f043e836d7	POST	/auth/login	http://localhost:3000
20241203	06:44:58	bbc9af02-1eeb-4845-8f5e-4d35628ee05b	OPTIONS	/auth/login	http://localhost:3000
20241203	06:44:58	07b89546-8734-41a1-92b0-d24079095156	POST	/auth/login	http://localhost:3000
20241203	06:49:28	7dd1d6ec-52cc-4c88-85bf-79306674fec4	OPTIONS	/auth/login	http://localhost:3000
20241203	06:49:28	b5770fe2-ecde-4bdb-bf32-85211ec74a9e	POST	/auth/login	http://localhost:3000
20241203	06:51:17	ef0992b0-3177-45cc-a4f1-2a864bb1a65f	OPTIONS	/auth/register	http://localhost:3000
20241203	06:51:17	48c12877-75b6-43e5-b1ca-41b567284cc1	POST	/auth/register	http://localhost:3000
20241203	06:51:34	76c82deb-5a02-476d-ac16-163b7a4be6d2	OPTIONS	/auth/login	http://localhost:3000
20241203	06:51:34	fa7f1c83-747d-4aef-bd56-96dead0d8df0	POST	/auth/login	http://localhost:3000
20241203	06:59:31	7cb0171c-e642-4e05-a56a-a844d61e5076	OPTIONS	/auth/login	http://localhost:3000
20241203	06:59:31	7001641d-a0d4-45a8-aa8f-d4a7b09df764	POST	/auth/login	http://localhost:3000
20241203	07:14:32	00009054-c0cf-4a82-a5a6-f8cc20569887	OPTIONS	/auth/login	http://localhost:3000
20241203	07:14:32	5b4fc857-63b1-40f0-9a9d-d2529fea3d22	POST	/auth/login	http://localhost:3000
20241203	07:19:32	959f1a90-46e4-45ed-9ccf-e444e69ba507	GET	/auth/refresh	http://localhost:3000
20241203	07:19:32	69239532-1e4f-4fde-b53e-8f1b4167d464	GET	/auth/refresh	http://localhost:3000
20241203	07:20:19	88782272-3b39-4074-836a-b7d2ef296b91	OPTIONS	/auth/login	http://localhost:3000
20241203	07:20:19	562aadd3-8a44-4ba8-887a-c25657ab9f70	POST	/auth/login	http://localhost:3000
20241203	19:15:08	e54de9c0-5648-47f5-9fac-cbbc3b79d1cc	OPTIONS	/auth/login	http://localhost:3000
20241203	19:15:08	4b496b8e-70c3-484d-860e-36f66ed72ef6	POST	/auth/login	http://localhost:3000
20241203	19:31:43	3e3867a3-d054-40ae-a3ea-02c0d80832a1	GET	/auth/refresh	http://localhost:3000
20241203	19:31:43	615dc782-5af4-4f79-899e-a5b4e7bdb6d5	GET	/auth/refresh	http://localhost:3000
20241203	19:32:09	fb8a2c67-537f-402e-ade1-c326a3adfd58	GET	/auth/refresh	http://localhost:3000
20241203	19:32:09	b8754a15-f4a6-40ba-a87c-ab558532385b	GET	/auth/refresh	http://localhost:3000
20241203	19:32:36	394101cf-486b-47e6-8cbe-8d3636efae18	OPTIONS	/auth/register	http://localhost:3000
20241203	19:32:36	8fe9fd98-42ed-4a3e-a682-e4e8a02b76ae	POST	/auth/register	http://localhost:3000
20241203	19:32:56	476bd1dc-f84f-4c6a-b056-82fc78f85822	OPTIONS	/auth/login	http://localhost:3000
20241203	19:32:56	9485df53-3427-4771-b10f-ff6c5ad347dd	POST	/auth/login	http://localhost:3000
20241203	19:36:03	0afebc82-54e0-4415-9a71-047e0d963dab	OPTIONS	/auth/login	http://localhost:3000
20241203	19:36:03	8526a1e9-f38f-4871-a202-3d719fab9b2f	POST	/auth/login	http://localhost:3000
20241203	19:37:45	1f26587b-3405-43fb-a782-382ae71924be	OPTIONS	/auth/login	http://localhost:3000
20241203	19:37:45	6014d55d-98fb-4df3-b84b-2033b1877145	POST	/auth/login	http://localhost:3000
20241203	19:53:17	000342a7-11af-4a65-b75b-0baf3f8dc700	GET	/auth/refresh	http://localhost:3000
20241203	19:53:17	26e1e12a-7b9d-48fa-9001-760c106f2e76	GET	/auth/refresh	http://localhost:3000
20241203	19:53:40	b71dd902-23d7-4791-afbf-69125d4210dd	OPTIONS	/auth/register	http://localhost:3000
20241203	19:53:40	9e3e3ea3-fadc-4eef-a396-b2e266ec1739	POST	/auth/register	http://localhost:3000
20241203	19:53:55	4c618f8c-b654-459d-a708-c3c125b94d10	OPTIONS	/auth/login	http://localhost:3000
20241203	19:53:55	cad77f0f-2e73-4d22-831f-3871fb3f9fd6	POST	/auth/login	http://localhost:3000
20241203	19:58:22	98e94283-5d5c-4014-9c66-57097057c299	OPTIONS	/auth/register	http://localhost:3000
20241203	19:58:22	a9c7ce3e-bc22-4575-acf3-7866eb265069	POST	/auth/register	http://localhost:3000
20241203	19:58:43	ac0c4b51-58a8-43ee-9e63-78ecb15113d6	OPTIONS	/auth/login	http://localhost:3000
20241203	19:58:43	6560e73b-9462-4723-af41-ead8f279b312	POST	/auth/login	http://localhost:3000
20241203	19:58:43	d5f730b1-89d7-4a2b-aaeb-407ec71cdf58	OPTIONS	/auth/me	http://localhost:3000
20241203	19:58:43	8444c1be-54de-4860-9868-e8fdf7c32d7c	GET	/auth/me	http://localhost:3000
20241203	20:21:56	16971724-ea3b-4ced-a3bd-5c9da072f4b0	GET	/auth/refresh	http://localhost:3000
20241203	20:21:56	cb344a01-6dcf-4017-8b86-de06c8ecd113	GET	/auth/refresh	http://localhost:3000
20241203	20:22:11	16bd759f-61d8-498b-94b9-7daa61e4ddc7	OPTIONS	/auth/login	http://localhost:3000
20241203	20:22:11	58b7be2e-2e08-4007-9178-1124d900ea50	POST	/auth/login	http://localhost:3000
20241203	20:22:11	bd709695-9ec7-4350-82a5-8c4c2eae0c76	OPTIONS	/auth/me	http://localhost:3000
20241203	20:22:11	f1c5ef60-71c3-43b5-a9bb-22508f5a1714	GET	/auth/me	http://localhost:3000
20241204	06:33:08	6266b9fe-c544-4831-b928-79bbd6a11178	OPTIONS	/auth/register	http://localhost:3000
20241204	06:33:08	bc5436e5-7eb1-4c9d-8c65-e5ceeda6f0af	POST	/auth/register	http://localhost:3000
20241204	06:33:32	a5893614-46fb-4e28-8919-e94a3ab176df	OPTIONS	/auth/login	http://localhost:3000
20241204	06:33:32	06b21a5c-e6ed-4de3-8f95-a74422504eb4	POST	/auth/login	http://localhost:3000
20241204	06:33:50	55be9dd3-33d4-4579-9663-5fea2321d7f4	OPTIONS	/auth/login	http://localhost:3000
20241204	06:33:50	1ec9ff08-3bf5-413e-b6b6-e8850b488889	POST	/auth/login	http://localhost:3000
20241204	06:33:54	a8906944-df8f-42c6-bf77-3bf5a2ab754f	POST	/auth/login	http://localhost:3000
20241204	06:35:07	90186687-2843-4108-a2e9-16d93e2e6ee8	GET	/auth/refresh	http://localhost:3000
20241204	06:35:07	7f970d51-42d4-4f90-9f7d-60c154320371	GET	/auth/refresh	http://localhost:3000
20241204	06:35:26	1aef6c62-a9c6-4c5e-bb51-8a2c2743bb3e	OPTIONS	/auth/login	http://localhost:3000
20241204	06:35:26	66fd26a0-da09-4ead-97a0-45e5ea5616f7	POST	/auth/login	http://localhost:3000
20241204	06:35:26	dee22f1f-dc06-4058-be33-c3bc49c0f856	OPTIONS	/auth/me	http://localhost:3000
20241204	06:35:26	19806e8f-59fc-4e2a-a64a-cdfaf43216c5	GET	/auth/me	http://localhost:3000
20241204	06:54:07	5e6a4055-f889-4c93-9786-adf157f73ea1	OPTIONS	/auth/register	http://localhost:3000
20241204	06:54:07	6ce89859-e408-43a6-899e-d83aa3d9868f	POST	/auth/register	http://localhost:3000
20241204	06:54:22	b0bd382b-7afb-4a56-ad27-d82c679e15fe	OPTIONS	/auth/login	http://localhost:3000
20241204	06:54:22	963df80a-8a53-4bf6-a0ea-79f8122c3fa6	POST	/auth/login	http://localhost:3000
20241204	06:54:22	b9cdf352-db40-4a98-bfd0-6d83d9c8d2e0	OPTIONS	/auth/me	http://localhost:3000
20241204	06:54:22	82c2be5b-7b0b-4c03-b789-a3dd0036c371	GET	/auth/me	http://localhost:3000
20241204	20:51:55	1884018d-5bad-46ed-b94c-546f759ef56c	OPTIONS	/auth/register	http://localhost:3000
20241204	20:51:55	ee11a705-c2c2-4e77-a0f4-3f2443de2ad6	POST	/auth/register	http://localhost:3000
20241204	20:52:04	3ba6a178-0cca-40f4-9fc1-a6ee8ad2b3d0	OPTIONS	/auth/login	http://localhost:3000
20241204	20:52:04	b2de36be-fe75-431c-babe-acd6f88bacf6	POST	/auth/login	http://localhost:3000
20241204	20:52:04	c1aa2c5e-9d2e-4399-9f55-bb5b199e3412	OPTIONS	/auth/me	http://localhost:3000
20241204	20:52:04	ae4453d1-ff7c-4a70-80c7-0c02c91c0047	GET	/auth/me	http://localhost:3000
20241204	23:12:29	2a1c55b2-74a9-4017-8f03-cc40733417c4	GET	/trips	undefined
20241204	23:16:06	73c724db-08a3-43f4-97e2-cab0f0c07b2f	POST	/auth/login	undefined
20241204	23:20:56	4f970888-fc9c-4345-9a34-1f6a6d563964	POST	/trips	undefined
20241204	23:22:26	e96df553-e029-4903-b095-83465dd1e3b0	OPTIONS	/trips	http://localhost:3000
20241204	23:22:26	34756007-5e3a-45ed-8853-92b10f89db83	GET	/trips	http://localhost:3000
20241204	23:22:26	be219619-d505-430c-bacc-ffb29929bb82	GET	/uploads/1733347256770.jpg	undefined
20241204	23:33:44	b9835c42-49d1-4032-9ad4-0c6b4c3804c2	OPTIONS	/trips	http://localhost:3000
20241204	23:33:44	1f69bb9f-8a4b-47d3-bf52-48d29d5c71ba	GET	/trips	http://localhost:3000
20241204	23:33:44	eb87a318-f1f5-43d3-803c-b588c9de6f38	GET	/uploads/1733347256770.jpg	undefined
20241204	23:33:49	827de271-5a9f-4e63-bedf-15c8651b5074	GET	/uploads/1733347256770.jpg	undefined
20241204	23:35:31	3582e760-3848-4d78-b5ae-07149397d33e	GET	/uploads/1733347256770.jpg	undefined
20241204	23:35:31	ce3a2d54-a1a2-4771-8981-1ed8a4872660	GET	/uploads/css/style.css	undefined
20241204	23:35:31	6da41f6b-fa62-488a-8bd7-157bdb9b1df7	GET	/favicon.ico	undefined
20241204	23:39:19	10e59f41-fbf5-4b71-919f-836c7cb85191	GET	/uploads/1733347256770.jpg	undefined
20241204	23:39:19	e878eee7-fc92-4538-9ea1-93ed71318667	GET	/uploads/css/style.css	undefined
20241204	23:51:50	10f7b6fa-ed73-4a80-88a9-70e29d81272d	OPTIONS	/trips	http://localhost:3000
20241204	23:51:50	69715eeb-0bd1-4248-bc55-57fc07bc1d5b	GET	/trips	http://localhost:3000
20241204	23:51:50	04ae38e6-5632-432b-8139-5f8023b077c2	GET	/uploads/1733347256770.jpg	undefined
20241204	23:58:28	1026343f-25f6-4a22-ae5e-b60d8b7e05bc	GET	/uploads/1733347256770.jpg	undefined
20241205	00:19:52	57c13680-3e20-489e-b545-40bb8f4b0257	GET	/trips	undefined
20241205	00:22:53	e1babefd-c88b-444c-9a9c-baa7b895b37b	PATCH	/trips	undefined
20241205	00:23:19	71e8dcd7-8891-401e-ae05-410b1265540b	OPTIONS	/trips	http://localhost:3000
20241205	00:23:19	d9889c67-aa6b-4f27-ad97-721740ea40e1	GET	/trips	http://localhost:3000
20241205	00:23:19	0160b075-cb63-4ed9-a3a7-bdb405b444ff	GET	/uploads/1733347256770.jpg	undefined
20241205	00:24:39	c29e3f6c-53ff-4091-9501-95a655735796	PATCH	/trips	undefined
20241205	00:25:03	b367c105-54a8-49cd-bca8-434500a0846f	OPTIONS	/trips	http://localhost:3000
20241205	00:25:03	3d8bce47-5c7e-4df0-8231-f03d38301611	GET	/trips	http://localhost:3000
20241205	00:25:03	e11cb3b4-1448-4896-b0ab-95d962f2c788	GET	/uploads/1733347256770.jpg	undefined
20241205	00:25:32	99260e2a-79ba-4bc9-b8cb-16492d590a56	PATCH	/trips	undefined
20241205	00:26:27	fdfceb12-318a-4a37-b9f9-4d86b016b783	PATCH	/trips	undefined
20241205	00:26:38	1a4efc90-ba3e-4ae7-bb14-96942d447e94	PATCH	/trips	undefined
20241205	00:27:31	f004fe7f-6f36-452c-a244-bbd7fd603403	PATCH	/trips	undefined
20241205	00:27:33	98e56228-7c59-4946-9f89-e9315a52dcc8	PATCH	/trips	undefined
20241205	00:28:10	ce0f265a-465e-4ac1-b8fa-8d257a94e95e	PATCH	/trips	undefined
20241205	00:28:11	12adeafd-36f0-4e25-ab03-db4563e30e20	PATCH	/trips	undefined
20241205	00:28:36	58fdbba6-b89f-4dca-b3a4-6acae9e865b2	PATCH	/trips	undefined
20241205	00:28:38	fcbad57c-5f61-41bb-bb5e-da243099065e	PATCH	/trips	undefined
20241205	00:28:43	a8fbda80-4303-40f8-8fc1-f5066712e72a	PATCH	/trips	undefined
20241205	00:28:45	f6f00690-1a2d-4748-a5c8-c616ffdd65ea	PATCH	/trips	undefined
20241205	00:31:52	909eb776-e4d1-4702-9287-8ff9a7cb18b8	OPTIONS	/trips	http://localhost:3000
20241205	00:31:52	dc7eb626-027f-4799-ae0c-7dc77b8447d0	GET	/trips	http://localhost:3000
20241205	00:31:52	e4202e49-671d-4751-8740-8ff437c78d6c	GET	/uploads/1733347256770.jpg	undefined
20241205	00:34:17	0734a657-37f2-4055-879f-11ba46ff5b57	PATCH	/trips	undefined
20241205	00:34:38	aee20e79-309b-4046-9877-118863fd4804	PATCH	/trips	undefined
20241205	00:34:40	123163d2-4e1c-4f27-889a-04da704b0e28	PATCH	/trips	undefined
20241205	00:37:39	ee0e4476-1b54-4081-848d-ffe65dbf70c5	PATCH	/trips	undefined
20241205	00:37:40	3244ac70-f506-4855-9c1a-f2a3b9c3ee05	PATCH	/trips	undefined
20241205	00:39:10	67672873-1a2f-4a49-b8e0-76a70c39b55e	PATCH	/trips	undefined
20241205	00:40:43	fb236fb1-e6a1-46bd-80d7-94e785301cf4	OPTIONS	/trips	http://localhost:3000
20241205	00:40:43	c6d4fa8b-46bb-43c5-a0d1-f706964210aa	GET	/trips	http://localhost:3000
20241205	00:40:43	2dea56a0-0d3c-406d-89b2-08357014f87a	GET	/uploads/1733347256770.jpg	undefined
20241205	00:44:14	28b734c3-d2c0-4650-bf38-8a2f3ea1a182	DELETE	/trips	undefined
20241205	00:44:26	6cd6ac7a-ea0c-4a84-9f39-3b9b8c39227f	DELETE	/trips	undefined
20241205	00:44:33	2ecf0b30-d693-492c-b23d-a8da5c3bd3f4	DELETE	/trips	undefined
20241205	00:45:25	7c388ed4-9c05-4c99-833a-e3f16ffba7fd	DELETE	/trips	undefined
20241205	00:45:33	96dad5f7-6496-4c8a-ab9f-6ffbf1ca050b	OPTIONS	/trips	http://localhost:3000
20241205	00:45:33	bbacab8f-ca25-4960-ab63-eb3c9e838db0	GET	/trips	http://localhost:3000
20241205	00:49:02	c2ee81e4-c1cd-4caa-b288-5a451e2ec1d6	POST	/trips	undefined
20241205	00:49:10	1ab41382-070f-411e-b357-be2d06a8c03f	OPTIONS	/trips	http://localhost:3000
20241205	00:49:10	02a999d3-e102-4477-a427-9b72a3c8951c	GET	/trips	http://localhost:3000
20241205	00:49:10	a32e6363-a789-4cc7-a2af-a9cedd944ec9	GET	/uploads/1733352542123.jpg	undefined
20241205	00:59:26	d3e966bb-1389-4145-849a-df063be8443c	POST	/trips	undefined
20241205	00:59:31	ad34f512-8250-4c12-9f4d-d578e02bc80d	OPTIONS	/trips	http://localhost:3000
20241205	00:59:31	0f6a2d22-a9c5-4ed7-aff9-0537ab665782	GET	/trips	http://localhost:3000
20241205	00:59:31	09c061a5-70be-4cf5-bf59-0bbbe3d07fe7	GET	/uploads/1733352542123.jpg	undefined
20241205	00:59:31	a14ab819-8679-44a3-814c-8162d7273374	GET	/uploads/1733353166431.jpg	undefined
20241205	01:04:41	d1a19953-c15e-44f4-887d-6059a93da186	POST	/trips	undefined
20241205	01:04:46	0367a69c-ba42-4152-8120-490c3b004925	OPTIONS	/trips	http://localhost:3000
20241205	01:04:46	200ab689-4b61-4682-ab96-7e4d1275fd50	GET	/trips	http://localhost:3000
20241205	01:04:46	70c5b872-a90f-4e08-8641-c6e6625f32f5	GET	/uploads/1733353166431.jpg	undefined
20241205	01:04:46	c7bfe58d-564b-4e64-b223-6a8fac9dc15d	GET	/uploads/1733352542123.jpg	undefined
20241205	01:04:46	84e5e5af-93a6-4313-b7b5-a6c4586c379c	GET	/uploads/1733353481871.jpg	undefined
20241205	01:07:28	b4010a47-328f-4ee7-beb5-7cceb580ba0c	POST	/trips	undefined
20241205	01:07:34	aca55a8b-3eeb-4747-8d5e-9214e6161c7d	OPTIONS	/trips	http://localhost:3000
20241205	01:07:34	4f149734-0e3c-4671-9955-1a66292ffaaf	GET	/trips	http://localhost:3000
20241205	01:07:34	f50691bf-9f9e-4606-a0a5-684104292e94	GET	/uploads/1733352542123.jpg	undefined
20241205	01:07:34	e4e4537a-ff82-4cd6-8641-ae511f0e811f	GET	/uploads/1733353166431.jpg	undefined
20241205	01:07:34	03afc774-c781-4670-864c-0c8d21987b38	GET	/uploads/1733353481871.jpg	undefined
20241205	01:07:34	b3752875-19c4-4a6a-91f2-f318595e7ded	GET	/uploads/1733353648202.jpg	undefined
20241205	01:10:24	72d1929f-d1e3-4264-b65c-59b13f975497	POST	/trips	undefined
20241205	01:10:34	52282ddd-d48a-45f5-9882-68aeec5feb6c	OPTIONS	/trips	http://localhost:3000
20241205	01:10:34	9fbd95a2-d601-4e99-8ebc-40eaccee7c6c	GET	/trips	http://localhost:3000
20241205	01:10:34	4b12e3af-99bc-414d-b887-2f3dc7363470	GET	/uploads/1733352542123.jpg	undefined
20241205	01:10:34	677a149d-47a1-44c7-9671-b847d6787dcd	GET	/uploads/1733353166431.jpg	undefined
20241205	01:10:34	efc1f4f0-9af7-4517-b131-80c8e897b326	GET	/uploads/1733353481871.jpg	undefined
20241205	01:10:34	00bf7003-dc84-499b-a840-dc37e4363a57	GET	/uploads/1733353648202.jpg	undefined
20241205	01:10:34	b4f47929-9f17-4022-a03c-a5c3aaa517fe	GET	/uploads/1733353824071.jpg	undefined
20241205	01:13:27	8f42b357-334b-425c-9f90-c664bddc0d6f	POST	/trips	undefined
20241205	01:13:33	7c3f46bb-bb29-4e8e-aa4b-31540380c3c9	OPTIONS	/trips	http://localhost:3000
20241205	01:13:33	a7dccded-deed-40ba-a567-1fba24ec5bfe	GET	/trips	http://localhost:3000
20241205	01:13:33	15b6a34f-d753-4510-b4ca-e5fc5e7e7ac1	GET	/uploads/1733352542123.jpg	undefined
20241205	01:13:33	9e68fb38-65a5-4a1f-939f-89ce8383647e	GET	/uploads/1733353166431.jpg	undefined
20241205	01:13:33	44234c35-e2de-4c9f-bea8-82aa4dde8a54	GET	/uploads/1733353481871.jpg	undefined
20241205	01:13:33	96db72d6-3042-4368-819f-e0e7ff6877e5	GET	/uploads/1733353648202.jpg	undefined
20241205	01:13:33	98547a26-2cbd-4789-a056-c6f76ebe75fc	GET	/uploads/1733353824071.jpg	undefined
20241205	01:13:33	8849aa6e-e5a8-43c0-b027-ae8e87ecdd8c	GET	/uploads/1733354007253.jpg	undefined
20241205	01:17:32	fd6ed9ce-8ae4-4bdd-beee-b91daafb0ed4	POST	/trips	undefined
20241205	01:17:36	fa2bf35a-ac6d-4837-a9b3-30fcee438d13	OPTIONS	/trips	http://localhost:3000
20241205	01:17:36	e1409748-8bcd-4269-8579-dd2c9f89affd	GET	/trips	http://localhost:3000
20241205	01:17:36	947c2df7-5f2d-469b-96d3-82c338620164	GET	/uploads/1733352542123.jpg	undefined
20241205	01:17:36	76ba0f4f-f91b-4699-820f-7f4151c93dc1	GET	/uploads/1733353166431.jpg	undefined
20241205	01:17:36	074a3cdb-f599-4cb6-b6a1-9e0005097395	GET	/uploads/1733353481871.jpg	undefined
20241205	01:17:36	7e12fb99-854e-4938-a032-fd5109452513	GET	/uploads/1733353648202.jpg	undefined
20241205	01:17:36	be0fcc37-dfea-4ab8-86b9-f36cfefd830e	GET	/uploads/1733353824071.jpg	undefined
20241205	01:17:36	1132456e-54ca-4c1f-9bb3-26e5482ea0a8	GET	/uploads/1733354252629.jpg	undefined
20241205	01:17:36	52c4761f-0772-47c0-aa99-249455bc0a33	GET	/uploads/1733354007253.jpg	undefined
20241205	01:20:21	3848beaa-6fc9-4d21-adbc-7e4769d7883c	POST	/trips	undefined
20241205	01:20:26	043d6d5b-bc81-443e-b153-e2489687496b	OPTIONS	/trips	http://localhost:3000
20241205	01:20:26	84b20655-05d5-4147-906f-8d30b5ef31cd	GET	/trips	http://localhost:3000
20241205	01:20:27	c303549d-13b8-4664-9109-1dd1d952735e	GET	/uploads/1733352542123.jpg	undefined
20241205	01:20:27	e4e56799-9a14-4558-8dbc-648b31cc63d0	GET	/uploads/1733353166431.jpg	undefined
20241205	01:20:27	3c540d71-0f7d-4ad5-8ddc-bb8b4fa91ac0	GET	/uploads/1733353481871.jpg	undefined
20241205	01:20:27	97a3e955-9d6d-411a-a0d0-891de2474f4c	GET	/uploads/1733353648202.jpg	undefined
20241205	01:20:27	d045e180-1620-42c7-977d-6010d16115f0	GET	/uploads/1733353824071.jpg	undefined
20241205	01:20:27	a0431919-f2e3-403d-be80-792b0222ee0e	GET	/uploads/1733354007253.jpg	undefined
20241205	01:20:27	96d95c99-d2d6-4119-b057-d620ee868774	GET	/uploads/1733354421497.jpg	undefined
20241205	01:20:27	d546290c-477a-433a-b594-3800a280d0c4	GET	/uploads/1733354252629.jpg	undefined
20241205	01:23:06	e257edaa-f0d5-4033-a6f8-f483375a0004	POST	/trips	undefined
20241205	01:23:11	2c37b84c-737d-4bcb-8249-eb3685b2c9cf	OPTIONS	/trips	http://localhost:3000
20241205	01:23:11	7e7df322-1214-4218-8a47-1827de6e20c8	GET	/trips	http://localhost:3000
20241205	01:23:11	36e70429-5885-4c2f-8547-d3d9aada4fcb	GET	/uploads/1733352542123.jpg	undefined
20241205	01:23:11	ebacc6fc-167a-4bcc-bb26-7e20748f7066	GET	/uploads/1733353166431.jpg	undefined
20241205	01:23:11	b3a51964-c0d2-42ca-90b8-57854e5fd363	GET	/uploads/1733353481871.jpg	undefined
20241205	01:23:11	a97519da-ff1a-443c-b966-18fbefd23e2e	GET	/uploads/1733354252629.jpg	undefined
20241205	01:23:11	c4442e93-4a1d-4747-a714-93d8a1de8911	GET	/uploads/1733353648202.jpg	undefined
20241205	01:23:11	f6cbc9ff-9bf7-4aa1-bdb2-14aacfc052d8	GET	/uploads/1733353824071.jpg	undefined
20241205	01:23:11	c35ab84e-29f5-4f77-abfc-0b68e5704302	GET	/uploads/1733354007253.jpg	undefined
20241205	01:23:11	65b8f2a8-12b3-4818-af36-b32c27c527fc	GET	/uploads/1733354421497.jpg	undefined
20241205	01:23:11	600e191c-d71a-43f7-91ad-817c9a59cebe	GET	/uploads/1733354586320.jpg	undefined
20241205	01:26:04	8e35a147-6118-4899-876f-496d05c170cc	POST	/trips	undefined
20241205	01:26:20	288aba5d-9c8d-4369-b978-5dbff9aed8e5	OPTIONS	/trips	http://localhost:3000
20241205	01:26:20	28bb80a9-2536-45c6-9f40-0e1e82e1ab3a	GET	/trips	http://localhost:3000
20241205	01:26:20	09e27ef3-e8b8-436e-8485-d885805c1b52	GET	/uploads/1733352542123.jpg	undefined
20241205	01:26:20	afffc140-96f2-45cc-87d1-678d75e58c22	GET	/uploads/1733353166431.jpg	undefined
20241205	01:26:20	69c56851-0aa4-47b6-bf5b-60417d8a8e90	GET	/uploads/1733353648202.jpg	undefined
20241205	01:26:20	ab29f877-1ff3-4918-afb6-0088468fb898	GET	/uploads/1733353481871.jpg	undefined
20241205	01:26:20	e22835ac-a4ba-4e72-8551-d19d272d00c4	GET	/uploads/1733353824071.jpg	undefined
20241205	01:26:20	5fda92bd-84ae-4434-887c-5611c7043f66	GET	/uploads/1733354007253.jpg	undefined
20241205	01:26:20	5f45a841-ac7b-4da3-bc02-9596edf502cb	GET	/uploads/1733354252629.jpg	undefined
20241205	01:26:20	d9ed8105-5053-412e-a533-f49cd2b46e41	GET	/uploads/1733354421497.jpg	undefined
20241205	01:26:20	9271dbb6-9100-4ec4-9689-f0725303e126	GET	/uploads/1733354586320.jpg	undefined
20241205	01:26:20	cc6fe6cd-0653-473c-b06c-016666d5d20d	GET	/uploads/1733354764670.jpg	undefined
20241205	01:27:38	5f263ebf-c196-4a9b-ae89-86cf3daca73e	POST	/trips	undefined
20241205	01:27:42	1f648adc-85d2-49b8-802f-760deab3b96f	OPTIONS	/trips	http://localhost:3000
20241205	01:27:42	758cd379-8d46-4a0c-8568-ecf52f3dec17	GET	/trips	http://localhost:3000
20241205	01:27:42	13ec1bc6-b5da-4d69-bb2e-50d8674c7dff	GET	/uploads/1733352542123.jpg	undefined
20241205	01:27:42	6e461c4a-43bb-4720-a229-a76d2b822be1	GET	/uploads/1733353166431.jpg	undefined
20241205	01:27:42	2904708d-b12c-4526-834c-0d01c4c817c8	GET	/uploads/1733353481871.jpg	undefined
20241205	01:27:42	1541209c-0f02-4bc3-bea3-e09e1477978f	GET	/uploads/1733353648202.jpg	undefined
20241205	01:27:42	8701d69f-68af-4844-9567-13152e829ecd	GET	/uploads/1733353824071.jpg	undefined
20241205	01:27:42	85bf9ca0-4d9f-447d-b344-afdd12963578	GET	/uploads/1733354007253.jpg	undefined
20241205	01:27:42	afa2e2f1-360f-4dcf-b5c8-fa58f65cad4d	GET	/uploads/1733354252629.jpg	undefined
20241205	01:27:42	f3e568cc-3769-4f91-867c-448cd7e4edb6	GET	/uploads/1733354421497.jpg	undefined
20241205	01:27:42	d8bcdef4-86c8-4833-8e29-dc23c3d51e42	GET	/uploads/1733354586320.jpg	undefined
20241205	01:27:42	3f58e6f9-ef7f-42b1-97d7-d0a50a5c460d	GET	/uploads/1733354764670.jpg	undefined
20241205	01:27:42	e983becb-4979-4a47-b97e-3d94da02d481	GET	/uploads/1733354858117.jpg	undefined
20241205	01:35:12	e56339f2-b28f-4d55-bf4f-14a4a4844cd1	POST	/trips	undefined
20241205	01:35:18	6bf5eb9d-ad05-4505-80a4-06691b0c4b8c	OPTIONS	/trips	http://localhost:3000
20241205	01:35:18	6a812c9c-2e2b-4d44-96ff-952f873ea3ae	GET	/trips	http://localhost:3000
20241205	01:35:18	55ab6a9d-8ac2-42ec-bfb6-2aab8abe8ad5	GET	/uploads/1733352542123.jpg	undefined
20241205	01:35:18	3dda1c58-d414-46b8-96ca-8b71d322bda1	GET	/uploads/1733353166431.jpg	undefined
20241205	01:35:18	1b0baee6-3d6e-44bc-b5c3-91af5f0f6f0b	GET	/uploads/1733353481871.jpg	undefined
20241205	01:35:18	470d3184-6234-460e-a002-5ab3f464c8fd	GET	/uploads/1733353648202.jpg	undefined
20241205	01:35:18	9f7e375e-94ca-4c66-8bba-c9a654586d79	GET	/uploads/1733353824071.jpg	undefined
20241205	01:35:18	fee76380-ee95-477a-b261-e4ac4467eb8e	GET	/uploads/1733354007253.jpg	undefined
20241205	01:35:18	330c066e-4e22-410f-be5b-c60c6b6846bb	GET	/uploads/1733354252629.jpg	undefined
20241205	01:35:18	9ed02db7-04be-48b1-9cea-9109cd0f4d84	GET	/uploads/1733354421497.jpg	undefined
20241205	01:35:18	ab6ed6cc-4eca-4e23-8258-ac061899ec69	GET	/uploads/1733354586320.jpg	undefined
20241205	01:35:18	e400f27c-8699-499f-8b81-31864b08ad48	GET	/uploads/1733354764670.jpg	undefined
20241205	01:35:18	c5ff1c1e-6f8e-4045-8d3f-c6bc74d9845f	GET	/uploads/1733355312910.jpg	undefined
20241205	01:35:18	e965cb59-b7c8-4043-949e-72361c8908c4	GET	/uploads/1733354858117.jpg	undefined
